# JRE version: Java(TM) SE Runtime Environment (17.0.2+8) (build 17.0.2+8-LTS-86)
# Java VM: Java HotSpot(TM) 64-Bit Server VM (17.0.2+8-LTS-86, mixed mode, sharing, tiered, compressed oops, compressed class ptrs, parallel gc, windows-amd64)
GC Precious Log:
 CPUs: 4 total, 4 available
 Memory: 3959M
 Large Page Support: Disabled
 NUMA Support: Disabled
 Compressed Oops: Enabled (32-bit)
 Alignments: Space 512K, Generation 512K, Heap 2M
 Heap Min Capacity: 100M
 Heap Initial Capacity: 100M
 Heap Max Capacity: 1G
 Pre-touch: Disabled
 Parallel Workers: 4
Heap:
 PSYoungGen      total 20480K, used 4714K [0x00000000eab00000, 0x00000000ec300000, 0x0000000100000000)
  eden space 17408K, 10% used [0x00000000eab00000,0x00000000eacd0de0,0x00000000ebc00000)
  from space 3072K, 92% used [0x00000000ebc00000,0x00000000ebec9dd0,0x00000000ebf00000)
  to   space 3584K, 0% used [0x00000000ebf80000,0x00000000ebf80000,0x00000000ec300000)
 ParOldGen       total 68608K, used 37514K [0x00000000c0000000, 0x00000000c4300000, 0x00000000eab00000)
  object space 68608K, 54% used [0x00000000c0000000,0x00000000c24a2b18,0x00000000c4300000)
 Metaspace       used 49843K, committed 50624K, reserved 1097728K
  class space    used 5313K, committed 5632K, reserved 1048576K
GC Heap History (20 events):
Event: 22.082 GC heap before
{Heap before GC invocations=19 (full 2):
 PSYoungGen      total 22016K, used 21984K [0x00000000eab00000, 0x00000000ecb80000, 0x0000000100000000)
  eden space 19456K, 100% used [0x00000000eab00000,0x00000000ebe00000,0x00000000ebe00000)
  from space 2560K, 98% used [0x00000000ec380000,0x00000000ec5f8020,0x00000000ec600000)
  to   space 5632K, 0% used [0x00000000ebe00000,0x00000000ebe00000,0x00000000ec380000)
 ParOldGen       total 68608K, used 22773K [0x00000000c0000000, 0x00000000c4300000, 0x00000000eab00000)
  object space 68608K, 33% used [0x00000000c0000000,0x00000000c163d610,0x00000000c4300000)
 Metaspace       used 43852K, committed 44608K, reserved 1089536K
  class space    used 4771K, committed 5120K, reserved 1048576K
}
Event: 22.088 GC heap after
{Heap after GC invocations=19 (full 2):
 PSYoungGen      total 22016K, used 2144K [0x00000000eab00000, 0x00000000ec500000, 0x0000000100000000)
  eden space 19456K, 0% used [0x00000000eab00000,0x00000000eab00000,0x00000000ebe00000)
  from space 2560K, 83% used [0x00000000ebe00000,0x00000000ec018000,0x00000000ec080000)
  to   space 3584K, 0% used [0x00000000ec180000,0x00000000ec180000,0x00000000ec500000)
 ParOldGen       total 68608K, used 25321K [0x00000000c0000000, 0x00000000c4300000, 0x00000000eab00000)
  object space 68608K, 36% used [0x00000000c0000000,0x00000000c18ba540,0x00000000c4300000)
 Metaspace       used 43852K, committed 44608K, reserved 1089536K
  class space    used 4771K, committed 5120K, reserved 1048576K
}
Event: 22.195 GC heap before
{Heap before GC invocations=20 (full 2):
 PSYoungGen      total 22016K, used 21600K [0x00000000eab00000, 0x00000000ec500000, 0x0000000100000000)
  eden space 19456K, 100% used [0x00000000eab00000,0x00000000ebe00000,0x00000000ebe00000)
  from space 2560K, 83% used [0x00000000ebe00000,0x00000000ec018000,0x00000000ec080000)
  to   space 3584K, 0% used [0x00000000ec180000,0x00000000ec180000,0x00000000ec500000)
 ParOldGen       total 68608K, used 25321K [0x00000000c0000000, 0x00000000c4300000, 0x00000000eab00000)
  object space 68608K, 36% used [0x00000000c0000000,0x00000000c18ba540,0x00000000c4300000)
 Metaspace       used 43852K, committed 44608K, reserved 1089536K
  class space    used 4771K, committed 5120K, reserved 1048576K
}
Event: 22.200 GC heap after
{Heap after GC invocations=20 (full 2):
 PSYoungGen      total 22016K, used 2336K [0x00000000eab00000, 0x00000000ec400000, 0x0000000100000000)
  eden space 19456K, 0% used [0x00000000eab00000,0x00000000eab00000,0x00000000ebe00000)
  from space 2560K, 91% used [0x00000000ec180000,0x00000000ec3c8010,0x00000000ec400000)
  to   space 2560K, 0% used [0x00000000ebe00000,0x00000000ebe00000,0x00000000ec080000)
 ParOldGen       total 68608K, used 27433K [0x00000000c0000000, 0x00000000c4300000, 0x00000000eab00000)
  object space 68608K, 39% used [0x00000000c0000000,0x00000000c1aca540,0x00000000c4300000)
 Metaspace       used 43852K, committed 44608K, reserved 1089536K
  class space    used 4771K, committed 5120K, reserved 1048576K
}
Event: 23.019 GC heap before
{Heap before GC invocations=21 (full 2):
 PSYoungGen      total 22016K, used 21760K [0x00000000eab00000, 0x00000000ec400000, 0x0000000100000000)
  eden space 19456K, 99% used [0x00000000eab00000,0x00000000ebdf8240,0x00000000ebe00000)
  from space 2560K, 91% used [0x00000000ec180000,0x00000000ec3c8010,0x00000000ec400000)
  to   space 2560K, 0% used [0x00000000ebe00000,0x00000000ebe00000,0x00000000ec080000)
 ParOldGen       total 68608K, used 27433K [0x00000000c0000000, 0x00000000c4300000, 0x00000000eab00000)
  object space 68608K, 39% used [0x00000000c0000000,0x00000000c1aca540,0x00000000c4300000)
 Metaspace       used 44373K, committed 45120K, reserved 1089536K
  class space    used 4819K, committed 5120K, reserved 1048576K
}
Event: 23.025 GC heap after
{Heap after GC invocations=21 (full 2):
 PSYoungGen      total 22016K, used 2351K [0x00000000eab00000, 0x00000000ec300000, 0x0000000100000000)
  eden space 19456K, 0% used [0x00000000eab00000,0x00000000eab00000,0x00000000ebe00000)
  from space 2560K, 91% used [0x00000000ebe00000,0x00000000ec04bf60,0x00000000ec080000)
  to   space 2560K, 0% used [0x00000000ec080000,0x00000000ec080000,0x00000000ec300000)
 ParOldGen       total 68608K, used 29689K [0x00000000c0000000, 0x00000000c4300000, 0x00000000eab00000)
  object space 68608K, 43% used [0x00000000c0000000,0x00000000c1cfe550,0x00000000c4300000)
 Metaspace       used 44373K, committed 45120K, reserved 1089536K
  class space    used 4819K, committed 5120K, reserved 1048576K
}
Event: 23.640 GC heap before
{Heap before GC invocations=22 (full 2):
 PSYoungGen      total 22016K, used 21787K [0x00000000eab00000, 0x00000000ec300000, 0x0000000100000000)
  eden space 19456K, 99% used [0x00000000eab00000,0x00000000ebdfb008,0x00000000ebe00000)
  from space 2560K, 91% used [0x00000000ebe00000,0x00000000ec04bf60,0x00000000ec080000)
  to   space 2560K, 0% used [0x00000000ec080000,0x00000000ec080000,0x00000000ec300000)
 ParOldGen       total 68608K, used 29689K [0x00000000c0000000, 0x00000000c4300000, 0x00000000eab00000)
  object space 68608K, 43% used [0x00000000c0000000,0x00000000c1cfe550,0x00000000c4300000)
 Metaspace       used 45491K, committed 46336K, reserved 1097728K
  class space    used 4911K, committed 5248K, reserved 1048576K
}
Event: 23.644 GC heap after
{Heap after GC invocations=22 (full 2):
 PSYoungGen      total 20480K, used 787K [0x00000000eab00000, 0x00000000ec180000, 0x0000000100000000)
  eden space 19456K, 0% used [0x00000000eab00000,0x00000000eab00000,0x00000000ebe00000)
  from space 1024K, 76% used [0x00000000ec080000,0x00000000ec144d78,0x00000000ec180000)
  to   space 1536K, 0% used [0x00000000ebe80000,0x00000000ebe80000,0x00000000ec000000)
 ParOldGen       total 68608K, used 31901K [0x00000000c0000000, 0x00000000c4300000, 0x00000000eab00000)
  object space 68608K, 46% used [0x00000000c0000000,0x00000000c1f27700,0x00000000c4300000)
 Metaspace       used 45491K, committed 46336K, reserved 1097728K
  class space    used 4911K, committed 5248K, reserved 1048576K
}
Event: 26.058 GC heap before
{Heap before GC invocations=23 (full 2):
 PSYoungGen      total 20480K, used 20243K [0x00000000eab00000, 0x00000000ec180000, 0x0000000100000000)
  eden space 19456K, 100% used [0x00000000eab00000,0x00000000ebe00000,0x00000000ebe00000)
  from space 1024K, 76% used [0x00000000ec080000,0x00000000ec144d78,0x00000000ec180000)
  to   space 1536K, 0% used [0x00000000ebe80000,0x00000000ebe80000,0x00000000ec000000)
 ParOldGen       total 68608K, used 31901K [0x00000000c0000000, 0x00000000c4300000, 0x00000000eab00000)
  object space 68608K, 46% used [0x00000000c0000000,0x00000000c1f27700,0x00000000c4300000)
 Metaspace       used 46749K, committed 47488K, reserved 1097728K
  class space    used 5052K, committed 5376K, reserved 1048576K
}
Event: 26.060 GC heap after
{Heap after GC invocations=23 (full 2):
 PSYoungGen      total 20992K, used 758K [0x00000000eab00000, 0x00000000ec100000, 0x0000000100000000)
  eden space 19456K, 0% used [0x00000000eab00000,0x00000000eab00000,0x00000000ebe00000)
  from space 1536K, 49% used [0x00000000ebe80000,0x00000000ebf3dba0,0x00000000ec000000)
  to   space 1024K, 0% used [0x00000000ec000000,0x00000000ec000000,0x00000000ec100000)
 ParOldGen       total 68608K, used 32583K [0x00000000c0000000, 0x00000000c4300000, 0x00000000eab00000)
  object space 68608K, 47% used [0x00000000c0000000,0x00000000c1fd1e80,0x00000000c4300000)
 Metaspace       used 46749K, committed 47488K, reserved 1097728K
  class space    used 5052K, committed 5376K, reserved 1048576K
}
Event: 28.689 GC heap before
{Heap before GC invocations=24 (full 2):
 PSYoungGen      total 20992K, used 20214K [0x00000000eab00000, 0x00000000ec100000, 0x0000000100000000)
  eden space 19456K, 100% used [0x00000000eab00000,0x00000000ebe00000,0x00000000ebe00000)
  from space 1536K, 49% used [0x00000000ebe80000,0x00000000ebf3dba0,0x00000000ec000000)
  to   space 1024K, 0% used [0x00000000ec000000,0x00000000ec000000,0x00000000ec100000)
 ParOldGen       total 68608K, used 32583K [0x00000000c0000000, 0x00000000c4300000, 0x00000000eab00000)
  object space 68608K, 47% used [0x00000000c0000000,0x00000000c1fd1e80,0x00000000c4300000)
 Metaspace       used 46760K, committed 47488K, reserved 1097728K
  class space    used 5052K, committed 5376K, reserved 1048576K
}
Event: 28.690 GC heap after
{Heap after GC invocations=24 (full 2):
 PSYoungGen      total 19968K, used 448K [0x00000000eab00000, 0x00000000ec080000, 0x0000000100000000)
  eden space 19456K, 0% used [0x00000000eab00000,0x00000000eab00000,0x00000000ebe00000)
  from space 512K, 87% used [0x00000000ec000000,0x00000000ec070000,0x00000000ec080000)
  to   space 1024K, 0% used [0x00000000ebe80000,0x00000000ebe80000,0x00000000ebf80000)
 ParOldGen       total 68608K, used 32854K [0x00000000c0000000, 0x00000000c4300000, 0x00000000eab00000)
  object space 68608K, 47% used [0x00000000c0000000,0x00000000c2015800,0x00000000c4300000)
 Metaspace       used 46760K, committed 47488K, reserved 1097728K
  class space    used 5052K, committed 5376K, reserved 1048576K
}
Event: 30.660 GC heap before
{Heap before GC invocations=25 (full 2):
 PSYoungGen      total 19968K, used 19904K [0x00000000eab00000, 0x00000000ec080000, 0x0000000100000000)
  eden space 19456K, 100% used [0x00000000eab00000,0x00000000ebe00000,0x00000000ebe00000)
  from space 512K, 87% used [0x00000000ec000000,0x00000000ec070000,0x00000000ec080000)
  to   space 1024K, 0% used [0x00000000ebe80000,0x00000000ebe80000,0x00000000ebf80000)
 ParOldGen       total 68608K, used 32854K [0x00000000c0000000, 0x00000000c4300000, 0x00000000eab00000)
  object space 68608K, 47% used [0x00000000c0000000,0x00000000c2015800,0x00000000c4300000)
 Metaspace       used 46765K, committed 47488K, reserved 1097728K
  class space    used 5052K, committed 5376K, reserved 1048576K
}
Event: 30.660 GC heap after
{Heap after GC invocations=25 (full 2):
 PSYoungGen      total 20480K, used 352K [0x00000000eab00000, 0x00000000ec080000, 0x0000000100000000)
  eden space 19456K, 0% used [0x00000000eab00000,0x00000000eab00000,0x00000000ebe00000)
  from space 1024K, 34% used [0x00000000ebe80000,0x00000000ebed8000,0x00000000ebf80000)
  to   space 512K, 0% used [0x00000000ec000000,0x00000000ec000000,0x00000000ec080000)
 ParOldGen       total 68608K, used 32966K [0x00000000c0000000, 0x00000000c4300000, 0x00000000eab00000)
  object space 68608K, 48% used [0x00000000c0000000,0x00000000c2031800,0x00000000c4300000)
 Metaspace       used 46765K, committed 47488K, reserved 1097728K
  class space    used 5052K, committed 5376K, reserved 1048576K
}
Event: 32.813 GC heap before
{Heap before GC invocations=26 (full 2):
 PSYoungGen      total 20480K, used 19808K [0x00000000eab00000, 0x00000000ec080000, 0x0000000100000000)
  eden space 19456K, 100% used [0x00000000eab00000,0x00000000ebe00000,0x00000000ebe00000)
  from space 1024K, 34% used [0x00000000ebe80000,0x00000000ebed8000,0x00000000ebf80000)
  to   space 512K, 0% used [0x00000000ec000000,0x00000000ec000000,0x00000000ec080000)
 ParOldGen       total 68608K, used 32966K [0x00000000c0000000, 0x00000000c4300000, 0x00000000eab00000)
  object space 68608K, 48% used [0x00000000c0000000,0x00000000c2031800,0x00000000c4300000)
 Metaspace       used 46911K, committed 47744K, reserved 1097728K
  class space    used 5073K, committed 5376K, reserved 1048576K
}
Event: 32.815 GC heap after
{Heap after GC invocations=26 (full 2):
 PSYoungGen      total 19968K, used 352K [0x00000000eab00000, 0x00000000ec080000, 0x0000000100000000)
  eden space 19456K, 0% used [0x00000000eab00000,0x00000000eab00000,0x00000000ebe00000)
  from space 512K, 68% used [0x00000000ec000000,0x00000000ec058000,0x00000000ec080000)
  to   space 512K, 0% used [0x00000000ebf80000,0x00000000ebf80000,0x00000000ec000000)
 ParOldGen       total 68608K, used 33078K [0x00000000c0000000, 0x00000000c4300000, 0x00000000eab00000)
  object space 68608K, 48% used [0x00000000c0000000,0x00000000c204d800,0x00000000c4300000)
 Metaspace       used 46911K, committed 47744K, reserved 1097728K
  class space    used 5073K, committed 5376K, reserved 1048576K
}
Event: 33.068 GC heap before
{Heap before GC invocations=27 (full 2):
 PSYoungGen      total 19968K, used 19808K [0x00000000eab00000, 0x00000000ec080000, 0x0000000100000000)
  eden space 19456K, 100% used [0x00000000eab00000,0x00000000ebe00000,0x00000000ebe00000)
  from space 512K, 68% used [0x00000000ec000000,0x00000000ec058000,0x00000000ec080000)
  to   space 512K, 0% used [0x00000000ebf80000,0x00000000ebf80000,0x00000000ec000000)
 ParOldGen       total 68608K, used 33078K [0x00000000c0000000, 0x00000000c4300000, 0x00000000eab00000)
  object space 68608K, 48% used [0x00000000c0000000,0x00000000c204d800,0x00000000c4300000)
 Metaspace       used 47080K, committed 47936K, reserved 1097728K
  class space    used 5080K, committed 5440K, reserved 1048576K
}
Event: 33.071 GC heap after
{Heap after GC invocations=27 (full 2):
 PSYoungGen      total 19968K, used 512K [0x00000000eab00000, 0x00000000ec200000, 0x0000000100000000)
  eden space 19456K, 0% used [0x00000000eab00000,0x00000000eab00000,0x00000000ebe00000)
  from space 512K, 100% used [0x00000000ebf80000,0x00000000ec000000,0x00000000ec000000)
  to   space 2048K, 0% used [0x00000000ec000000,0x00000000ec000000,0x00000000ec200000)
 ParOldGen       total 68608K, used 34001K [0x00000000c0000000, 0x00000000c4300000, 0x00000000eab00000)
  object space 68608K, 49% used [0x00000000c0000000,0x00000000c2134430,0x00000000c4300000)
 Metaspace       used 47080K, committed 47936K, reserved 1097728K
  class space    used 5080K, committed 5440K, reserved 1048576K
}
Event: 34.110 GC heap before
{Heap before GC invocations=28 (full 2):
 PSYoungGen      total 19968K, used 19938K [0x00000000eab00000, 0x00000000ec200000, 0x0000000100000000)
  eden space 19456K, 99% used [0x00000000eab00000,0x00000000ebdf88f0,0x00000000ebe00000)
  from space 512K, 100% used [0x00000000ebf80000,0x00000000ec000000,0x00000000ec000000)
  to   space 2048K, 0% used [0x00000000ec000000,0x00000000ec000000,0x00000000ec200000)
 ParOldGen       total 68608K, used 34001K [0x00000000c0000000, 0x00000000c4300000, 0x00000000eab00000)
  object space 68608K, 49% used [0x00000000c0000000,0x00000000c2134430,0x00000000c4300000)
 Metaspace       used 47552K, committed 48384K, reserved 1097728K
  class space    used 5146K, committed 5504K, reserved 1048576K
}
Event: 34.112 GC heap after
{Heap after GC invocations=28 (full 2):
 PSYoungGen      total 19456K, used 2045K [0x00000000eab00000, 0x00000000ec600000, 0x0000000100000000)
  eden space 17408K, 0% used [0x00000000eab00000,0x00000000eab00000,0x00000000ebc00000)
  from space 2048K, 99% used [0x00000000ec000000,0x00000000ec1ff5f0,0x00000000ec200000)
  to   space 4096K, 0% used [0x00000000ebc00000,0x00000000ebc00000,0x00000000ec000000)
 ParOldGen       total 68608K, used 35493K [0x00000000c0000000, 0x00000000c4300000, 0x00000000eab00000)
  object space 68608K, 51% used [0x00000000c0000000,0x00000000c22a9440,0x00000000c4300000)
 Metaspace       used 47552K, committed 48384K, reserved 1097728K
  class space    used 5146K, committed 5504K, reserved 1048576K
}

