# JRE version: Java(TM) SE Runtime Environment (17.0.2+8) (build 17.0.2+8-LTS-86)
# Java VM: Java HotSpot(TM) 64-Bit Server VM (17.0.2+8-LTS-86, mixed mode, sharing, tiered, compressed oops, compressed class ptrs, g1 gc, windows-amd64)
GC Precious Log:
 CPUs: 4 total, 4 available
 Memory: 3959M
 Large Page Support: Disabled
 NUMA Support: Disabled
 Compressed Oops: Enabled (32-bit)
 Heap Region Size: 1M
 Heap Min Capacity: 8M
 Heap Initial Capacity: 62M
 Heap Max Capacity: 990M
 Pre-touch: Disabled
 Parallel Workers: 4
 Concurrent Workers: 1
 Concurrent Refinement Workers: 4
 Periodic GC: Disabled
Heap:
 garbage-first heap   total 114688K, used 97387K [0x00000000c2200000, 0x0000000100000000)
  region size 1024K, 3 young (3072K), 2 survivors (2048K)
 Metaspace       used 18868K, committed 19136K, reserved 1073152K
  class space    used 2033K, committed 2176K, reserved 1048576K
GC Heap History (20 events):
Event: 5.626 GC heap before
{Heap before GC invocations=5 (full 0):
 garbage-first heap   total 63488K, used 43842K [0x00000000c2200000, 0x0000000100000000)
  region size 1024K, 33 young (33792K), 2 survivors (2048K)
 Metaspace       used 13411K, committed 13568K, reserved 1064960K
  class space    used 1488K, committed 1600K, reserved 1048576K
}
Event: 5.635 GC heap after
{Heap after GC invocations=6 (full 0):
 garbage-first heap   total 76800K, used 13586K [0x00000000c2200000, 0x0000000100000000)
  region size 1024K, 4 young (4096K), 4 survivors (4096K)
 Metaspace       used 13411K, committed 13568K, reserved 1064960K
  class space    used 1488K, committed 1600K, reserved 1048576K
}
Event: 5.968 GC heap before
{Heap before GC invocations=6 (full 0):
 garbage-first heap   total 76800K, used 40210K [0x00000000c2200000, 0x0000000100000000)
  region size 1024K, 11 young (11264K), 4 survivors (4096K)
 Metaspace       used 14244K, committed 14464K, reserved 1064960K
  class space    used 1571K, committed 1664K, reserved 1048576K
}
Event: 5.978 GC heap after
{Heap after GC invocations=7 (full 0):
 garbage-first heap   total 76800K, used 34922K [0x00000000c2200000, 0x0000000100000000)
  region size 1024K, 3 young (3072K), 3 survivors (3072K)
 Metaspace       used 14244K, committed 14464K, reserved 1064960K
  class space    used 1571K, committed 1664K, reserved 1048576K
}
Event: 7.518 GC heap before
{Heap before GC invocations=7 (full 0):
 garbage-first heap   total 76800K, used 68714K [0x00000000c2200000, 0x0000000100000000)
  region size 1024K, 25 young (25600K), 3 survivors (3072K)
 Metaspace       used 14355K, committed 14528K, reserved 1064960K
  class space    used 1578K, committed 1664K, reserved 1048576K
}
Event: 7.522 GC heap after
{Heap after GC invocations=8 (full 0):
 garbage-first heap   total 76800K, used 14505K [0x00000000c2200000, 0x0000000100000000)
  region size 1024K, 1 young (1024K), 1 survivors (1024K)
 Metaspace       used 14355K, committed 14528K, reserved 1064960K
  class space    used 1578K, committed 1664K, reserved 1048576K
}
Event: 9.259 GC heap before
{Heap before GC invocations=8 (full 0):
 garbage-first heap   total 76800K, used 58537K [0x00000000c2200000, 0x0000000100000000)
  region size 1024K, 44 young (45056K), 1 survivors (1024K)
 Metaspace       used 16119K, committed 16384K, reserved 1064960K
  class space    used 1713K, committed 1856K, reserved 1048576K
}
Event: 9.266 GC heap after
{Heap after GC invocations=9 (full 0):
 garbage-first heap   total 76800K, used 16306K [0x00000000c2200000, 0x0000000100000000)
  region size 1024K, 3 young (3072K), 3 survivors (3072K)
 Metaspace       used 16119K, committed 16384K, reserved 1064960K
  class space    used 1713K, committed 1856K, reserved 1048576K
}
Event: 11.425 GC heap before
{Heap before GC invocations=9 (full 0):
 garbage-first heap   total 76800K, used 59314K [0x00000000c2200000, 0x0000000100000000)
  region size 1024K, 45 young (46080K), 3 survivors (3072K)
 Metaspace       used 17536K, committed 17856K, reserved 1064960K
  class space    used 1913K, committed 2048K, reserved 1048576K
}
Event: 11.435 GC heap after
{Heap after GC invocations=10 (full 0):
 garbage-first heap   total 76800K, used 18256K [0x00000000c2200000, 0x0000000100000000)
  region size 1024K, 5 young (5120K), 5 survivors (5120K)
 Metaspace       used 17536K, committed 17856K, reserved 1064960K
  class space    used 1913K, committed 2048K, reserved 1048576K
}
Event: 19.940 GC heap before
{Heap before GC invocations=10 (full 0):
 garbage-first heap   total 76800K, used 59216K [0x00000000c2200000, 0x0000000100000000)
  region size 1024K, 45 young (46080K), 5 survivors (5120K)
 Metaspace       used 17727K, committed 17984K, reserved 1064960K
  class space    used 1925K, committed 2048K, reserved 1048576K
}
Event: 19.947 GC heap after
{Heap after GC invocations=11 (full 0):
 garbage-first heap   total 76800K, used 18837K [0x00000000c2200000, 0x0000000100000000)
  region size 1024K, 3 young (3072K), 3 survivors (3072K)
 Metaspace       used 17727K, committed 17984K, reserved 1064960K
  class space    used 1925K, committed 2048K, reserved 1048576K
}
Event: 24.802 GC heap before
{Heap before GC invocations=11 (full 0):
 garbage-first heap   total 76800K, used 66965K [0x00000000c2200000, 0x0000000100000000)
  region size 1024K, 36 young (36864K), 3 survivors (3072K)
 Metaspace       used 18562K, committed 18880K, reserved 1073152K
  class space    used 2013K, committed 2176K, reserved 1048576K
}
Event: 24.807 GC heap after
{Heap after GC invocations=12 (full 0):
 garbage-first heap   total 76800K, used 35786K [0x00000000c2200000, 0x0000000100000000)
  region size 1024K, 5 young (5120K), 5 survivors (5120K)
 Metaspace       used 18562K, committed 18880K, reserved 1073152K
  class space    used 2013K, committed 2176K, reserved 1048576K
}
Event: 24.829 GC heap before
{Heap before GC invocations=12 (full 0):
 garbage-first heap   total 76800K, used 38858K [0x00000000c2200000, 0x0000000100000000)
  region size 1024K, 6 young (6144K), 5 survivors (5120K)
 Metaspace       used 18568K, committed 18880K, reserved 1073152K
  class space    used 2014K, committed 2176K, reserved 1048576K
}
Event: 24.834 GC heap after
{Heap after GC invocations=13 (full 0):
 garbage-first heap   total 76800K, used 39250K [0x00000000c2200000, 0x0000000100000000)
  region size 1024K, 1 young (1024K), 1 survivors (1024K)
 Metaspace       used 18568K, committed 18880K, reserved 1073152K
  class space    used 2014K, committed 2176K, reserved 1048576K
}
Event: 26.332 GC heap before
{Heap before GC invocations=14 (full 0):
 garbage-first heap   total 80896K, used 49490K [0x00000000c2200000, 0x0000000100000000)
  region size 1024K, 6 young (6144K), 1 survivors (1024K)
 Metaspace       used 18870K, committed 19136K, reserved 1073152K
  class space    used 2034K, committed 2176K, reserved 1048576K
}
Event: 26.335 GC heap after
{Heap after GC invocations=15 (full 0):
 garbage-first heap   total 80896K, used 46383K [0x00000000c2200000, 0x0000000100000000)
  region size 1024K, 2 young (2048K), 2 survivors (2048K)
 Metaspace       used 18870K, committed 19136K, reserved 1073152K
  class space    used 2034K, committed 2176K, reserved 1048576K
}
Event: 27.042 GC heap before
{Heap before GC invocations=16 (full 0):
 garbage-first heap   total 114688K, used 66863K [0x00000000c2200000, 0x0000000100000000)
  region size 1024K, 3 young (3072K), 2 survivors (2048K)
 Metaspace       used 18868K, committed 19136K, reserved 1073152K
  class space    used 2033K, committed 2176K, reserved 1048576K
}
Event: 27.045 GC heap after
{Heap after GC invocations=17 (full 0):
 garbage-first heap   total 114688K, used 66667K [0x00000000c2200000, 0x0000000100000000)
  region size 1024K, 2 young (2048K), 2 survivors (2048K)
 Metaspace       used 18868K, committed 19136K, reserved 1073152K
  class space    used 2033K, committed 2176K, reserved 1048576K
}

