# JRE version: Java(TM) SE Runtime Environment (17.0.2+8) (build 17.0.2+8-LTS-86)
# Java VM: Java HotSpot(TM) 64-Bit Server VM (17.0.2+8-LTS-86, mixed mode, sharing, tiered, compressed oops, compressed class ptrs, parallel gc, windows-amd64)
GC Precious Log:
 CPUs: 4 total, 4 available
 Memory: 3959M
 Large Page Support: Disabled
 NUMA Support: Disabled
 Compressed Oops: Enabled (32-bit)
 Alignments: Space 512K, Generation 512K, Heap 2M
 Heap Min Capacity: 100M
 Heap Initial Capacity: 100M
 Heap Max Capacity: 1G
 Pre-touch: Disabled
 Parallel Workers: 4
Heap:
 PSYoungGen      total 16384K, used 3823K [0x00000000eab00000, 0x00000000ebe00000, 0x0000000100000000)
  eden space 13312K, 9% used [0x00000000eab00000,0x00000000eac33de8,0x00000000eb800000)
  from space 3072K, 84% used [0x00000000eb880000,0x00000000ebb07fc8,0x00000000ebb80000)
  to   space 2560K, 0% used [0x00000000ebb80000,0x00000000ebb80000,0x00000000ebe00000)
 ParOldGen       total 114176K, used 106803K [0x00000000c0000000, 0x00000000c6f80000, 0x00000000eab00000)
  object space 114176K, 93% used [0x00000000c0000000,0x00000000c684ce08,0x00000000c6f80000)
 Metaspace       used 63886K, committed 64832K, reserved 1114112K
  class space    used 6567K, committed 7040K, reserved 1048576K
GC Heap History (20 events):
Event: 50.024 GC heap before
{Heap before GC invocations=59 (full 3):
 PSYoungGen      total 14336K, used 13856K [0x00000000eab00000, 0x00000000eba80000, 0x0000000100000000)
  eden space 13312K, 100% used [0x00000000eab00000,0x00000000eb800000,0x00000000eb800000)
  from space 1024K, 53% used [0x00000000eb980000,0x00000000eba08000,0x00000000eba80000)
  to   space 1024K, 0% used [0x00000000eb800000,0x00000000eb800000,0x00000000eb900000)
 ParOldGen       total 76288K, used 58120K [0x00000000c0000000, 0x00000000c4a80000, 0x00000000eab00000)
  object space 76288K, 76% used [0x00000000c0000000,0x00000000c38c2208,0x00000000c4a80000)
 Metaspace       used 62895K, committed 63872K, reserved 1105920K
  class space    used 6464K, committed 6912K, reserved 1048576K
}
Event: 50.025 GC heap after
{Heap after GC invocations=59 (full 3):
 PSYoungGen      total 14336K, used 128K [0x00000000eab00000, 0x00000000eba00000, 0x0000000100000000)
  eden space 13312K, 0% used [0x00000000eab00000,0x00000000eab00000,0x00000000eb800000)
  from space 1024K, 12% used [0x00000000eb800000,0x00000000eb820000,0x00000000eb900000)
  to   space 512K, 0% used [0x00000000eb980000,0x00000000eb980000,0x00000000eba00000)
 ParOldGen       total 76288K, used 58624K [0x00000000c0000000, 0x00000000c4a80000, 0x00000000eab00000)
  object space 76288K, 76% used [0x00000000c0000000,0x00000000c3940218,0x00000000c4a80000)
 Metaspace       used 62895K, committed 63872K, reserved 1105920K
  class space    used 6464K, committed 6912K, reserved 1048576K
}
Event: 50.789 GC heap before
{Heap before GC invocations=60 (full 3):
 PSYoungGen      total 14336K, used 13440K [0x00000000eab00000, 0x00000000eba00000, 0x0000000100000000)
  eden space 13312K, 100% used [0x00000000eab00000,0x00000000eb800000,0x00000000eb800000)
  from space 1024K, 12% used [0x00000000eb800000,0x00000000eb820000,0x00000000eb900000)
  to   space 512K, 0% used [0x00000000eb980000,0x00000000eb980000,0x00000000eba00000)
 ParOldGen       total 76288K, used 58624K [0x00000000c0000000, 0x00000000c4a80000, 0x00000000eab00000)
  object space 76288K, 76% used [0x00000000c0000000,0x00000000c3940218,0x00000000c4a80000)
 Metaspace       used 62940K, committed 63872K, reserved 1105920K
  class space    used 6464K, committed 6912K, reserved 1048576K
}
Event: 50.789 GC heap after
{Heap after GC invocations=60 (full 3):
 PSYoungGen      total 13824K, used 192K [0x00000000eab00000, 0x00000000eba00000, 0x0000000100000000)
  eden space 13312K, 0% used [0x00000000eab00000,0x00000000eab00000,0x00000000eb800000)
  from space 512K, 37% used [0x00000000eb980000,0x00000000eb9b0000,0x00000000eba00000)
  to   space 512K, 0% used [0x00000000eb900000,0x00000000eb900000,0x00000000eb980000)
 ParOldGen       total 76288K, used 58632K [0x00000000c0000000, 0x00000000c4a80000, 0x00000000eab00000)
  object space 76288K, 76% used [0x00000000c0000000,0x00000000c3942218,0x00000000c4a80000)
 Metaspace       used 62940K, committed 63872K, reserved 1105920K
  class space    used 6464K, committed 6912K, reserved 1048576K
}
Event: 51.767 GC heap before
{Heap before GC invocations=61 (full 3):
 PSYoungGen      total 13824K, used 13504K [0x00000000eab00000, 0x00000000eba00000, 0x0000000100000000)
  eden space 13312K, 100% used [0x00000000eab00000,0x00000000eb800000,0x00000000eb800000)
  from space 512K, 37% used [0x00000000eb980000,0x00000000eb9b0000,0x00000000eba00000)
  to   space 512K, 0% used [0x00000000eb900000,0x00000000eb900000,0x00000000eb980000)
 ParOldGen       total 76288K, used 58632K [0x00000000c0000000, 0x00000000c4a80000, 0x00000000eab00000)
  object space 76288K, 76% used [0x00000000c0000000,0x00000000c3942218,0x00000000c4a80000)
 Metaspace       used 62945K, committed 63872K, reserved 1105920K
  class space    used 6464K, committed 6912K, reserved 1048576K
}
Event: 51.768 GC heap after
{Heap after GC invocations=61 (full 3):
 PSYoungGen      total 13824K, used 256K [0x00000000eab00000, 0x00000000eba00000, 0x0000000100000000)
  eden space 13312K, 0% used [0x00000000eab00000,0x00000000eab00000,0x00000000eb800000)
  from space 512K, 50% used [0x00000000eb900000,0x00000000eb940000,0x00000000eb980000)
  to   space 512K, 0% used [0x00000000eb980000,0x00000000eb980000,0x00000000eba00000)
 ParOldGen       total 76288K, used 58632K [0x00000000c0000000, 0x00000000c4a80000, 0x00000000eab00000)
  object space 76288K, 76% used [0x00000000c0000000,0x00000000c3942218,0x00000000c4a80000)
 Metaspace       used 62945K, committed 63872K, reserved 1105920K
  class space    used 6464K, committed 6912K, reserved 1048576K
}
Event: 52.563 GC heap before
{Heap before GC invocations=62 (full 3):
 PSYoungGen      total 13824K, used 13568K [0x00000000eab00000, 0x00000000eba00000, 0x0000000100000000)
  eden space 13312K, 100% used [0x00000000eab00000,0x00000000eb800000,0x00000000eb800000)
  from space 512K, 50% used [0x00000000eb900000,0x00000000eb940000,0x00000000eb980000)
  to   space 512K, 0% used [0x00000000eb980000,0x00000000eb980000,0x00000000eba00000)
 ParOldGen       total 76288K, used 58632K [0x00000000c0000000, 0x00000000c4a80000, 0x00000000eab00000)
  object space 76288K, 76% used [0x00000000c0000000,0x00000000c3942218,0x00000000c4a80000)
 Metaspace       used 62946K, committed 63872K, reserved 1105920K
  class space    used 6464K, committed 6912K, reserved 1048576K
}
Event: 52.564 GC heap after
{Heap after GC invocations=62 (full 3):
 PSYoungGen      total 13824K, used 256K [0x00000000eab00000, 0x00000000eba00000, 0x0000000100000000)
  eden space 13312K, 0% used [0x00000000eab00000,0x00000000eab00000,0x00000000eb800000)
  from space 512K, 50% used [0x00000000eb980000,0x00000000eb9c0000,0x00000000eba00000)
  to   space 512K, 0% used [0x00000000eb900000,0x00000000eb900000,0x00000000eb980000)
 ParOldGen       total 76288K, used 58632K [0x00000000c0000000, 0x00000000c4a80000, 0x00000000eab00000)
  object space 76288K, 76% used [0x00000000c0000000,0x00000000c3942218,0x00000000c4a80000)
 Metaspace       used 62946K, committed 63872K, reserved 1105920K
  class space    used 6464K, committed 6912K, reserved 1048576K
}
Event: 53.075 GC heap before
{Heap before GC invocations=63 (full 3):
 PSYoungGen      total 13824K, used 13568K [0x00000000eab00000, 0x00000000eba00000, 0x0000000100000000)
  eden space 13312K, 100% used [0x00000000eab00000,0x00000000eb800000,0x00000000eb800000)
  from space 512K, 50% used [0x00000000eb980000,0x00000000eb9c0000,0x00000000eba00000)
  to   space 512K, 0% used [0x00000000eb900000,0x00000000eb900000,0x00000000eb980000)
 ParOldGen       total 76288K, used 58632K [0x00000000c0000000, 0x00000000c4a80000, 0x00000000eab00000)
  object space 76288K, 76% used [0x00000000c0000000,0x00000000c3942218,0x00000000c4a80000)
 Metaspace       used 62946K, committed 63872K, reserved 1105920K
  class space    used 6464K, committed 6912K, reserved 1048576K
}
Event: 53.076 GC heap after
{Heap after GC invocations=63 (full 3):
 PSYoungGen      total 13824K, used 320K [0x00000000eab00000, 0x00000000eba00000, 0x0000000100000000)
  eden space 13312K, 0% used [0x00000000eab00000,0x00000000eab00000,0x00000000eb800000)
  from space 512K, 62% used [0x00000000eb900000,0x00000000eb950000,0x00000000eb980000)
  to   space 512K, 0% used [0x00000000eb980000,0x00000000eb980000,0x00000000eba00000)
 ParOldGen       total 76288K, used 58632K [0x00000000c0000000, 0x00000000c4a80000, 0x00000000eab00000)
  object space 76288K, 76% used [0x00000000c0000000,0x00000000c3942218,0x00000000c4a80000)
 Metaspace       used 62946K, committed 63872K, reserved 1105920K
  class space    used 6464K, committed 6912K, reserved 1048576K
}
Event: 53.521 GC heap before
{Heap before GC invocations=64 (full 3):
 PSYoungGen      total 13824K, used 13632K [0x00000000eab00000, 0x00000000eba00000, 0x0000000100000000)
  eden space 13312K, 100% used [0x00000000eab00000,0x00000000eb800000,0x00000000eb800000)
  from space 512K, 62% used [0x00000000eb900000,0x00000000eb950000,0x00000000eb980000)
  to   space 512K, 0% used [0x00000000eb980000,0x00000000eb980000,0x00000000eba00000)
 ParOldGen       total 76288K, used 58632K [0x00000000c0000000, 0x00000000c4a80000, 0x00000000eab00000)
  object space 76288K, 76% used [0x00000000c0000000,0x00000000c3942218,0x00000000c4a80000)
 Metaspace       used 62946K, committed 63872K, reserved 1105920K
  class space    used 6464K, committed 6912K, reserved 1048576K
}
Event: 53.521 GC heap after
{Heap after GC invocations=64 (full 3):
 PSYoungGen      total 13824K, used 384K [0x00000000eab00000, 0x00000000eba00000, 0x0000000100000000)
  eden space 13312K, 0% used [0x00000000eab00000,0x00000000eab00000,0x00000000eb800000)
  from space 512K, 75% used [0x00000000eb980000,0x00000000eb9e0000,0x00000000eba00000)
  to   space 512K, 0% used [0x00000000eb900000,0x00000000eb900000,0x00000000eb980000)
 ParOldGen       total 76288K, used 58632K [0x00000000c0000000, 0x00000000c4a80000, 0x00000000eab00000)
  object space 76288K, 76% used [0x00000000c0000000,0x00000000c3942218,0x00000000c4a80000)
 Metaspace       used 62946K, committed 63872K, reserved 1105920K
  class space    used 6464K, committed 6912K, reserved 1048576K
}
Event: 53.956 GC heap before
{Heap before GC invocations=65 (full 3):
 PSYoungGen      total 13824K, used 13696K [0x00000000eab00000, 0x00000000eba00000, 0x0000000100000000)
  eden space 13312K, 100% used [0x00000000eab00000,0x00000000eb800000,0x00000000eb800000)
  from space 512K, 75% used [0x00000000eb980000,0x00000000eb9e0000,0x00000000eba00000)
  to   space 512K, 0% used [0x00000000eb900000,0x00000000eb900000,0x00000000eb980000)
 ParOldGen       total 76288K, used 58632K [0x00000000c0000000, 0x00000000c4a80000, 0x00000000eab00000)
  object space 76288K, 76% used [0x00000000c0000000,0x00000000c3942218,0x00000000c4a80000)
 Metaspace       used 62946K, committed 63872K, reserved 1105920K
  class space    used 6464K, committed 6912K, reserved 1048576K
}
Event: 53.957 GC heap after
{Heap after GC invocations=65 (full 3):
 PSYoungGen      total 13824K, used 384K [0x00000000eab00000, 0x00000000eba00000, 0x0000000100000000)
  eden space 13312K, 0% used [0x00000000eab00000,0x00000000eab00000,0x00000000eb800000)
  from space 512K, 75% used [0x00000000eb900000,0x00000000eb960000,0x00000000eb980000)
  to   space 512K, 0% used [0x00000000eb980000,0x00000000eb980000,0x00000000eba00000)
 ParOldGen       total 76288K, used 58632K [0x00000000c0000000, 0x00000000c4a80000, 0x00000000eab00000)
  object space 76288K, 76% used [0x00000000c0000000,0x00000000c3942218,0x00000000c4a80000)
 Metaspace       used 62946K, committed 63872K, reserved 1105920K
  class space    used 6464K, committed 6912K, reserved 1048576K
}
Event: 54.452 GC heap before
{Heap before GC invocations=66 (full 3):
 PSYoungGen      total 13824K, used 13696K [0x00000000eab00000, 0x00000000eba00000, 0x0000000100000000)
  eden space 13312K, 100% used [0x00000000eab00000,0x00000000eb800000,0x00000000eb800000)
  from space 512K, 75% used [0x00000000eb900000,0x00000000eb960000,0x00000000eb980000)
  to   space 512K, 0% used [0x00000000eb980000,0x00000000eb980000,0x00000000eba00000)
 ParOldGen       total 76288K, used 58632K [0x00000000c0000000, 0x00000000c4a80000, 0x00000000eab00000)
  object space 76288K, 76% used [0x00000000c0000000,0x00000000c3942218,0x00000000c4a80000)
 Metaspace       used 62946K, committed 63872K, reserved 1105920K
  class space    used 6464K, committed 6912K, reserved 1048576K
}
Event: 54.453 GC heap after
{Heap after GC invocations=66 (full 3):
 PSYoungGen      total 13824K, used 480K [0x00000000eab00000, 0x00000000eba00000, 0x0000000100000000)
  eden space 13312K, 0% used [0x00000000eab00000,0x00000000eab00000,0x00000000eb800000)
  from space 512K, 93% used [0x00000000eb980000,0x00000000eb9f8000,0x00000000eba00000)
  to   space 512K, 0% used [0x00000000eb900000,0x00000000eb900000,0x00000000eb980000)
 ParOldGen       total 76288K, used 58632K [0x00000000c0000000, 0x00000000c4a80000, 0x00000000eab00000)
  object space 76288K, 76% used [0x00000000c0000000,0x00000000c3942218,0x00000000c4a80000)
 Metaspace       used 62946K, committed 63872K, reserved 1105920K
  class space    used 6464K, committed 6912K, reserved 1048576K
}
Event: 55.028 GC heap before
{Heap before GC invocations=67 (full 3):
 PSYoungGen      total 13824K, used 13193K [0x00000000eab00000, 0x00000000eba00000, 0x0000000100000000)
  eden space 13312K, 95% used [0x00000000eab00000,0x00000000eb76a470,0x00000000eb800000)
  from space 512K, 93% used [0x00000000eb980000,0x00000000eb9f8000,0x00000000eba00000)
  to   space 512K, 0% used [0x00000000eb900000,0x00000000eb900000,0x00000000eb980000)
 ParOldGen       total 76288K, used 58632K [0x00000000c0000000, 0x00000000c4a80000, 0x00000000eab00000)
  object space 76288K, 76% used [0x00000000c0000000,0x00000000c3942218,0x00000000c4a80000)
 Metaspace       used 63498K, committed 64576K, reserved 1114112K
  class space    used 6534K, committed 7040K, reserved 1048576K
}
Event: 55.035 GC heap after
{Heap after GC invocations=67 (full 3):
 PSYoungGen      total 13824K, used 512K [0x00000000eab00000, 0x00000000ec000000, 0x0000000100000000)
  eden space 13312K, 0% used [0x00000000eab00000,0x00000000eab00000,0x00000000eb800000)
  from space 512K, 100% used [0x00000000eb900000,0x00000000eb980000,0x00000000eb980000)
  to   space 4096K, 0% used [0x00000000ebc00000,0x00000000ebc00000,0x00000000ec000000)
 ParOldGen       total 76288K, used 61668K [0x00000000c0000000, 0x00000000c4a80000, 0x00000000eab00000)
  object space 76288K, 80% used [0x00000000c0000000,0x00000000c3c392a8,0x00000000c4a80000)
 Metaspace       used 63498K, committed 64576K, reserved 1114112K
  class space    used 6534K, committed 7040K, reserved 1048576K
}
Event: 55.373 GC heap before
{Heap before GC invocations=68 (full 3):
 PSYoungGen      total 13824K, used 13824K [0x00000000eab00000, 0x00000000ec000000, 0x0000000100000000)
  eden space 13312K, 100% used [0x00000000eab00000,0x00000000eb800000,0x00000000eb800000)
  from space 512K, 100% used [0x00000000eb900000,0x00000000eb980000,0x00000000eb980000)
  to   space 4096K, 0% used [0x00000000ebc00000,0x00000000ebc00000,0x00000000ec000000)
 ParOldGen       total 76288K, used 69328K [0x00000000c0000000, 0x00000000c4a80000, 0x00000000eab00000)
  object space 76288K, 90% used [0x00000000c0000000,0x00000000c43b42b8,0x00000000c4a80000)
 Metaspace       used 63798K, committed 64768K, reserved 1114112K
  class space    used 6563K, committed 7040K, reserved 1048576K
}
Event: 55.380 GC heap after
{Heap after GC invocations=68 (full 3):
 PSYoungGen      total 16896K, used 3088K [0x00000000eab00000, 0x00000000ebf80000, 0x0000000100000000)
  eden space 13312K, 0% used [0x00000000eab00000,0x00000000eab00000,0x00000000eb800000)
  from space 3584K, 86% used [0x00000000ebc00000,0x00000000ebf04150,0x00000000ebf80000)
  to   space 3584K, 0% used [0x00000000eb880000,0x00000000eb880000,0x00000000ebc00000)
 ParOldGen       total 76288K, used 69384K [0x00000000c0000000, 0x00000000c4a80000, 0x00000000eab00000)
  object space 76288K, 90% used [0x00000000c0000000,0x00000000c43c22b8,0x00000000c4a80000)
 Metaspace       used 63798K, committed 64768K, reserved 1114112K
  class space    used 6563K, committed 7040K, reserved 1048576K
}

