# JRE version: Java(TM) SE Runtime Environment (17.0.2+8) (build 17.0.2+8-LTS-86)
# Java VM: Java HotSpot(TM) 64-Bit Server VM (17.0.2+8-LTS-86, mixed mode, emulated-client, sharing, tiered, compressed oops, compressed class ptrs, g1 gc, windows-amd64)
GC Precious Log:
 CPUs: 4 total, 4 available
 Memory: 3959M
 Large Page Support: Disabled
 NUMA Support: Disabled
 Compressed Oops: Enabled (32-bit)
 Heap Region Size: 1M
 Heap Min Capacity: 8M
 Heap Initial Capacity: 62M
 Heap Max Capacity: 990M
 Pre-touch: Disabled
 Parallel Workers: 4
 Concurrent Workers: 1
 Concurrent Refinement Workers: 4
 Periodic GC: Disabled
Heap:
 garbage-first heap   total 58368K, used 31725K [0x00000000c2200000, 0x0000000100000000)
  region size 1024K, 16 young (16384K), 3 survivors (3072K)
 Metaspace       used 39271K, committed 39552K, reserved 1089536K
  class space    used 5593K, committed 5760K, reserved 1048576K
GC Heap History (18 events):
Event: 0.880 GC heap before
{Heap before GC invocations=0 (full 0):
 garbage-first heap   total 63488K, used 13312K [0x00000000c2200000, 0x0000000100000000)
  region size 1024K, 13 young (13312K), 0 survivors (0K)
 Metaspace       used 2643K, committed 2816K, reserved 1056768K
  class space    used 313K, committed 384K, reserved 1048576K
}
Event: 0.894 GC heap after
{Heap after GC invocations=1 (full 0):
 garbage-first heap   total 63488K, used 6272K [0x00000000c2200000, 0x0000000100000000)
  region size 1024K, 2 young (2048K), 2 survivors (2048K)
 Metaspace       used 2643K, committed 2816K, reserved 1056768K
  class space    used 313K, committed 384K, reserved 1048576K
}
Event: 1.370 GC heap before
{Heap before GC invocations=1 (full 0):
 garbage-first heap   total 63488K, used 15488K [0x00000000c2200000, 0x0000000100000000)
  region size 1024K, 11 young (11264K), 2 survivors (2048K)
 Metaspace       used 4570K, committed 4736K, reserved 1056768K
  class space    used 593K, committed 640K, reserved 1048576K
}
Event: 1.373 GC heap after
{Heap after GC invocations=2 (full 0):
 garbage-first heap   total 63488K, used 7087K [0x00000000c2200000, 0x0000000100000000)
  region size 1024K, 1 young (1024K), 1 survivors (1024K)
 Metaspace       used 4570K, committed 4736K, reserved 1056768K
  class space    used 593K, committed 640K, reserved 1048576K
}
Event: 1.962 GC heap before
{Heap before GC invocations=2 (full 0):
 garbage-first heap   total 63488K, used 25519K [0x00000000c2200000, 0x0000000100000000)
  region size 1024K, 20 young (20480K), 1 survivors (1024K)
 Metaspace       used 8779K, committed 8960K, reserved 1064960K
  class space    used 1204K, committed 1280K, reserved 1048576K
}
Event: 1.966 GC heap after
{Heap after GC invocations=3 (full 0):
 garbage-first heap   total 63488K, used 8396K [0x00000000c2200000, 0x0000000100000000)
  region size 1024K, 2 young (2048K), 2 survivors (2048K)
 Metaspace       used 8779K, committed 8960K, reserved 1064960K
  class space    used 1204K, committed 1280K, reserved 1048576K
}
Event: 2.600 GC heap before
{Heap before GC invocations=3 (full 0):
 garbage-first heap   total 63488K, used 36044K [0x00000000c2200000, 0x0000000100000000)
  region size 1024K, 30 young (30720K), 2 survivors (2048K)
 Metaspace       used 14326K, committed 14528K, reserved 1064960K
  class space    used 1921K, committed 2048K, reserved 1048576K
}
Event: 2.606 GC heap after
{Heap after GC invocations=4 (full 0):
 garbage-first heap   total 63488K, used 9955K [0x00000000c2200000, 0x0000000100000000)
  region size 1024K, 4 young (4096K), 4 survivors (4096K)
 Metaspace       used 14326K, committed 14528K, reserved 1064960K
  class space    used 1921K, committed 2048K, reserved 1048576K
}
Event: 3.566 GC heap before
{Heap before GC invocations=4 (full 0):
 garbage-first heap   total 63488K, used 41699K [0x00000000c2200000, 0x0000000100000000)
  region size 1024K, 36 young (36864K), 4 survivors (4096K)
 Metaspace       used 17169K, committed 17408K, reserved 1064960K
  class space    used 2377K, committed 2496K, reserved 1048576K
}
Event: 3.574 GC heap after
{Heap after GC invocations=5 (full 0):
 garbage-first heap   total 63488K, used 11875K [0x00000000c2200000, 0x0000000100000000)
  region size 1024K, 4 young (4096K), 4 survivors (4096K)
 Metaspace       used 17169K, committed 17408K, reserved 1064960K
  class space    used 2377K, committed 2496K, reserved 1048576K
}
Event: 4.437 GC heap before
{Heap before GC invocations=5 (full 0):
 garbage-first heap   total 63488K, used 38499K [0x00000000c2200000, 0x0000000100000000)
  region size 1024K, 31 young (31744K), 4 survivors (4096K)
 Metaspace       used 21264K, committed 21504K, reserved 1073152K
  class space    used 3034K, committed 3136K, reserved 1048576K
}
Event: 4.447 GC heap after
{Heap after GC invocations=6 (full 0):
 garbage-first heap   total 63488K, used 14388K [0x00000000c2200000, 0x0000000100000000)
  region size 1024K, 5 young (5120K), 5 survivors (5120K)
 Metaspace       used 21264K, committed 21504K, reserved 1073152K
  class space    used 3034K, committed 3136K, reserved 1048576K
}
Event: 5.417 GC heap before
{Heap before GC invocations=7 (full 0):
 garbage-first heap   total 58368K, used 43060K [0x00000000c2200000, 0x0000000100000000)
  region size 1024K, 34 young (34816K), 5 survivors (5120K)
 Metaspace       used 25944K, committed 26304K, reserved 1073152K
  class space    used 3641K, committed 3840K, reserved 1048576K
}
Event: 5.428 GC heap after
{Heap after GC invocations=8 (full 0):
 garbage-first heap   total 58368K, used 16972K [0x00000000c2200000, 0x0000000100000000)
  region size 1024K, 3 young (3072K), 3 survivors (3072K)
 Metaspace       used 25944K, committed 26304K, reserved 1073152K
  class space    used 3641K, committed 3840K, reserved 1048576K
}
Event: 6.305 GC heap before
{Heap before GC invocations=8 (full 0):
 garbage-first heap   total 58368K, used 41548K [0x00000000c2200000, 0x0000000100000000)
  region size 1024K, 28 young (28672K), 3 survivors (3072K)
 Metaspace       used 33430K, committed 33792K, reserved 1081344K
  class space    used 4724K, committed 4928K, reserved 1048576K
}
Event: 6.312 GC heap after
{Heap after GC invocations=9 (full 0):
 garbage-first heap   total 58368K, used 18722K [0x00000000c2200000, 0x0000000100000000)
  region size 1024K, 3 young (3072K), 3 survivors (3072K)
 Metaspace       used 33430K, committed 33792K, reserved 1081344K
  class space    used 4724K, committed 4928K, reserved 1048576K
}
Event: 6.619 GC heap before
{Heap before GC invocations=9 (full 0):
 garbage-first heap   total 58368K, used 25890K [0x00000000c2200000, 0x0000000100000000)
  region size 1024K, 12 young (12288K), 3 survivors (3072K)
 Metaspace       used 35751K, committed 36096K, reserved 1081344K
  class space    used 5101K, committed 5312K, reserved 1048576K
}
Event: 6.623 GC heap after
{Heap after GC invocations=10 (full 0):
 garbage-first heap   total 58368K, used 19437K [0x00000000c2200000, 0x0000000100000000)
  region size 1024K, 3 young (3072K), 3 survivors (3072K)
 Metaspace       used 35751K, committed 36096K, reserved 1081344K
  class space    used 5101K, committed 5312K, reserved 1048576K
}

